<?xml version="1.0" encoding="UTF-8"?>
<!-- Generated by org.testng.reporters.JUnitReportReporter -->
<testsuite hostname="DESKTOP-RCGEUSC" failures="0" tests="10" name="org.automation.testing.testcases.TC_002_RegisterNewUser" time="76.349" errors="0" timestamp="2024-05-22T12:37:20 IST" skipped="0">
  <testcase classname="org.automation.testing.testcases.TC_002_RegisterNewUser" name="tc_002_RegisterNewUser" time="7.670"/>
  <system-out/>
  <testcase classname="org.automation.testing.testcases.TC_002_RegisterNewUser" name="tc_002_RegisterNewUser" time="7.388"/>
  <system-out/>
  <testcase classname="org.automation.testing.testcases.TC_002_RegisterNewUser" name="tc_002_RegisterNewUser" time="8.137"/>
  <system-out/>
  <testcase classname="org.automation.testing.testcases.TC_002_RegisterNewUser" name="tc_002_RegisterNewUser" time="8.333"/>
  <system-out/>
  <testcase classname="org.automation.testing.testcases.TC_002_RegisterNewUser" name="tc_002_RegisterNewUser" time="7.665"/>
  <system-out/>
  <testcase classname="org.automation.testing.testcases.TC_002_RegisterNewUser" name="tc_002_RegisterNewUser" time="7.287"/>
  <system-out/>
  <testcase classname="org.automation.testing.testcases.TC_002_RegisterNewUser" name="tc_002_RegisterNewUser" time="7.395"/>
  <system-out/>
  <testcase classname="org.automation.testing.testcases.TC_002_RegisterNewUser" name="tc_002_RegisterNewUser" time="7.593"/>
  <system-out/>
  <testcase classname="org.automation.testing.testcases.TC_002_RegisterNewUser" name="tc_002_RegisterNewUser" time="7.453"/>
  <system-out/>
  <testcase classname="org.automation.testing.testcases.TC_002_RegisterNewUser" name="tc_002_RegisterNewUser" time="7.428"/>
  <system-out/>
</testsuite> <!-- org.automation.testing.testcases.TC_002_RegisterNewUser -->
