<?xml version="1.0" encoding="UTF-8"?>
<!-- Generated by org.testng.reporters.JUnitReportReporter -->
<testsuite hostname="DESKTOP-RCGEUSC" failures="0" tests="4" name="org.automation.testing.testcases.TC_001_ValidateLoginFuntionality" time="24.385" errors="0" timestamp="2024-05-25T12:42:39 IST" skipped="0">
  <testcase classname="org.automation.testing.testcases.TC_001_ValidateLoginFuntionality" name="tc_001_login_funtionality" time="5.534"/>
  <system-out/>
  <testcase classname="org.automation.testing.testcases.TC_001_ValidateLoginFuntionality" name="tc_001_login_funtionality" time="4.929"/>
  <system-out/>
  <testcase classname="org.automation.testing.testcases.TC_001_ValidateLoginFuntionality" name="tc_001_login_funtionality" time="8.828"/>
  <system-out/>
  <testcase classname="org.automation.testing.testcases.TC_001_ValidateLoginFuntionality" name="tc_001_login_funtionality" time="5.094"/>
  <system-out/>
</testsuite> <!-- org.automation.testing.testcases.TC_001_ValidateLoginFuntionality -->
